<?xml version="1.0" encoding="UTF-8"?>
<!-- Generated by org.testng.reporters.JUnitReportReporter -->
<testsuite skipped="0" hostname="DESKTOP-OIOD2R6" name="smokeTest.LoginFactory" tests="1" failures="0" timestamp="31 Jan 2018 02:45:34 GMT" time="5.427" errors="0">
  <testcase name="LoginTestUsingPageFactory" time="5.427" classname="smokeTest.LoginFactory"/>
</testsuite> <!-- smokeTest.LoginFactory -->
