<?xml version="1.0" encoding="UTF-8"?>
<!-- Generated by org.testng.reporters.JUnitReportReporter -->
<testsuite skipped="0" hostname="DESKTOP-OIOD2R6" name="smokeTest.LogInTestNG" tests="1" failures="0" timestamp="15 Jan 2018 03:02:59 GMT" time="4.664" errors="0">
  <testcase name="loginElementsPresentTest" time="4.664" classname="smokeTest.LogInTestNG"/>
</testsuite> <!-- smokeTest.LogInTestNG -->
