<?xml version="1.0" encoding="UTF-8"?>
<!-- Generated by org.testng.reporters.JUnitReportReporter -->
<testsuite skipped="0" hostname="DESKTOP-OIOD2R6" name="smokeTest.LoginDDT" tests="4" failures="0" timestamp="17 Jan 2018 04:49:38 GMT" time="24.212" errors="0">
  <testcase name="loginTest" time="5.143" classname="smokeTest.LoginDDT"/>
  <testcase name="loginTest" time="6.739" classname="smokeTest.LoginDDT"/>
  <testcase name="loginTest" time="5.543" classname="smokeTest.LoginDDT"/>
  <testcase name="loginTest" time="6.787" classname="smokeTest.LoginDDT"/>
</testsuite> <!-- smokeTest.LoginDDT -->
